C:\Program Files (x86)\Microsoft Visual Studio\2019\Community\MSBuild\Microsoft\VC\v160\Microsoft.CppBuild.targets(452,5): warning MSB8028: The intermediate directory (Debug\) contains files shared from another project (SFML Game Empty Start Point.vcxproj).  This can lead to incorrect clean and rebuild behavior.
  Entity.cpp
C:\Users\Sean\Desktop\C00217019AILabs\AI Labs\SFML Game Empty Start Point\SFML Game Empty Start Point\SFML Game Empty Start Point\Entity.cpp(22,58): warning C4244: 'argument': conversion from 'double' to 'T', possible loss of data
C:\Users\Sean\Desktop\C00217019AILabs\AI Labs\SFML Game Empty Start Point\SFML Game Empty Start Point\SFML Game Empty Start Point\Entity.cpp(22,58): warning C4244:         with
C:\Users\Sean\Desktop\C00217019AILabs\AI Labs\SFML Game Empty Start Point\SFML Game Empty Start Point\SFML Game Empty Start Point\Entity.cpp(22,58): warning C4244:         [
C:\Users\Sean\Desktop\C00217019AILabs\AI Labs\SFML Game Empty Start Point\SFML Game Empty Start Point\SFML Game Empty Start Point\Entity.cpp(22,58): warning C4244:             T=float
C:\Users\Sean\Desktop\C00217019AILabs\AI Labs\SFML Game Empty Start Point\SFML Game Empty Start Point\SFML Game Empty Start Point\Entity.cpp(22,58): warning C4244:         ]
C:\Users\Sean\Desktop\C00217019AILabs\AI Labs\SFML Game Empty Start Point\SFML Game Empty Start Point\SFML Game Empty Start Point\Entity.cpp(22,31): warning C4244: 'argument': conversion from 'double' to 'T', possible loss of data
C:\Users\Sean\Desktop\C00217019AILabs\AI Labs\SFML Game Empty Start Point\SFML Game Empty Start Point\SFML Game Empty Start Point\Entity.cpp(22,31): warning C4244:         with
C:\Users\Sean\Desktop\C00217019AILabs\AI Labs\SFML Game Empty Start Point\SFML Game Empty Start Point\SFML Game Empty Start Point\Entity.cpp(22,31): warning C4244:         [
C:\Users\Sean\Desktop\C00217019AILabs\AI Labs\SFML Game Empty Start Point\SFML Game Empty Start Point\SFML Game Empty Start Point\Entity.cpp(22,31): warning C4244:             T=float
C:\Users\Sean\Desktop\C00217019AILabs\AI Labs\SFML Game Empty Start Point\SFML Game Empty Start Point\SFML Game Empty Start Point\Entity.cpp(22,31): warning C4244:         ]
C:\Users\Sean\Desktop\C00217019AILabs\AI Labs\SFML Game Empty Start Point\SFML Game Empty Start Point\SFML Game Empty Start Point\Entity.cpp(70,79): warning C4244: 'argument': conversion from 'double' to 'T', possible loss of data
C:\Users\Sean\Desktop\C00217019AILabs\AI Labs\SFML Game Empty Start Point\SFML Game Empty Start Point\SFML Game Empty Start Point\Entity.cpp(70,79): warning C4244:         with
C:\Users\Sean\Desktop\C00217019AILabs\AI Labs\SFML Game Empty Start Point\SFML Game Empty Start Point\SFML Game Empty Start Point\Entity.cpp(70,79): warning C4244:         [
C:\Users\Sean\Desktop\C00217019AILabs\AI Labs\SFML Game Empty Start Point\SFML Game Empty Start Point\SFML Game Empty Start Point\Entity.cpp(70,79): warning C4244:             T=float
C:\Users\Sean\Desktop\C00217019AILabs\AI Labs\SFML Game Empty Start Point\SFML Game Empty Start Point\SFML Game Empty Start Point\Entity.cpp(70,79): warning C4244:         ]
C:\Users\Sean\Desktop\C00217019AILabs\AI Labs\SFML Game Empty Start Point\SFML Game Empty Start Point\SFML Game Empty Start Point\Entity.cpp(70,52): warning C4244: 'argument': conversion from 'double' to 'T', possible loss of data
C:\Users\Sean\Desktop\C00217019AILabs\AI Labs\SFML Game Empty Start Point\SFML Game Empty Start Point\SFML Game Empty Start Point\Entity.cpp(70,52): warning C4244:         with
C:\Users\Sean\Desktop\C00217019AILabs\AI Labs\SFML Game Empty Start Point\SFML Game Empty Start Point\SFML Game Empty Start Point\Entity.cpp(70,52): warning C4244:         [
C:\Users\Sean\Desktop\C00217019AILabs\AI Labs\SFML Game Empty Start Point\SFML Game Empty Start Point\SFML Game Empty Start Point\Entity.cpp(70,52): warning C4244:             T=float
C:\Users\Sean\Desktop\C00217019AILabs\AI Labs\SFML Game Empty Start Point\SFML Game Empty Start Point\SFML Game Empty Start Point\Entity.cpp(70,52): warning C4244:         ]
C:\Users\Sean\Desktop\C00217019AILabs\AI Labs\SFML Game Empty Start Point\SFML Game Empty Start Point\SFML Game Empty Start Point\Entity.cpp(87,58): warning C4244: 'argument': conversion from 'double' to 'T', possible loss of data
C:\Users\Sean\Desktop\C00217019AILabs\AI Labs\SFML Game Empty Start Point\SFML Game Empty Start Point\SFML Game Empty Start Point\Entity.cpp(87,58): warning C4244:         with
C:\Users\Sean\Desktop\C00217019AILabs\AI Labs\SFML Game Empty Start Point\SFML Game Empty Start Point\SFML Game Empty Start Point\Entity.cpp(87,58): warning C4244:         [
C:\Users\Sean\Desktop\C00217019AILabs\AI Labs\SFML Game Empty Start Point\SFML Game Empty Start Point\SFML Game Empty Start Point\Entity.cpp(87,58): warning C4244:             T=float
C:\Users\Sean\Desktop\C00217019AILabs\AI Labs\SFML Game Empty Start Point\SFML Game Empty Start Point\SFML Game Empty Start Point\Entity.cpp(87,58): warning C4244:         ]
C:\Users\Sean\Desktop\C00217019AILabs\AI Labs\SFML Game Empty Start Point\SFML Game Empty Start Point\SFML Game Empty Start Point\Entity.cpp(87,31): warning C4244: 'argument': conversion from 'double' to 'T', possible loss of data
C:\Users\Sean\Desktop\C00217019AILabs\AI Labs\SFML Game Empty Start Point\SFML Game Empty Start Point\SFML Game Empty Start Point\Entity.cpp(87,31): warning C4244:         with
C:\Users\Sean\Desktop\C00217019AILabs\AI Labs\SFML Game Empty Start Point\SFML Game Empty Start Point\SFML Game Empty Start Point\Entity.cpp(87,31): warning C4244:         [
C:\Users\Sean\Desktop\C00217019AILabs\AI Labs\SFML Game Empty Start Point\SFML Game Empty Start Point\SFML Game Empty Start Point\Entity.cpp(87,31): warning C4244:             T=float
C:\Users\Sean\Desktop\C00217019AILabs\AI Labs\SFML Game Empty Start Point\SFML Game Empty Start Point\SFML Game Empty Start Point\Entity.cpp(87,31): warning C4244:         ]
C:\Users\Sean\Desktop\C00217019AILabs\AI Labs\SFML Game Empty Start Point\SFML Game Empty Start Point\SFML Game Empty Start Point\Entity.cpp(98,58): warning C4244: 'argument': conversion from 'double' to 'T', possible loss of data
C:\Users\Sean\Desktop\C00217019AILabs\AI Labs\SFML Game Empty Start Point\SFML Game Empty Start Point\SFML Game Empty Start Point\Entity.cpp(98,58): warning C4244:         with
C:\Users\Sean\Desktop\C00217019AILabs\AI Labs\SFML Game Empty Start Point\SFML Game Empty Start Point\SFML Game Empty Start Point\Entity.cpp(98,58): warning C4244:         [
C:\Users\Sean\Desktop\C00217019AILabs\AI Labs\SFML Game Empty Start Point\SFML Game Empty Start Point\SFML Game Empty Start Point\Entity.cpp(98,58): warning C4244:             T=float
C:\Users\Sean\Desktop\C00217019AILabs\AI Labs\SFML Game Empty Start Point\SFML Game Empty Start Point\SFML Game Empty Start Point\Entity.cpp(98,58): warning C4244:         ]
C:\Users\Sean\Desktop\C00217019AILabs\AI Labs\SFML Game Empty Start Point\SFML Game Empty Start Point\SFML Game Empty Start Point\Entity.cpp(98,31): warning C4244: 'argument': conversion from 'double' to 'T', possible loss of data
C:\Users\Sean\Desktop\C00217019AILabs\AI Labs\SFML Game Empty Start Point\SFML Game Empty Start Point\SFML Game Empty Start Point\Entity.cpp(98,31): warning C4244:         with
C:\Users\Sean\Desktop\C00217019AILabs\AI Labs\SFML Game Empty Start Point\SFML Game Empty Start Point\SFML Game Empty Start Point\Entity.cpp(98,31): warning C4244:         [
C:\Users\Sean\Desktop\C00217019AILabs\AI Labs\SFML Game Empty Start Point\SFML Game Empty Start Point\SFML Game Empty Start Point\Entity.cpp(98,31): warning C4244:             T=float
C:\Users\Sean\Desktop\C00217019AILabs\AI Labs\SFML Game Empty Start Point\SFML Game Empty Start Point\SFML Game Empty Start Point\Entity.cpp(98,31): warning C4244:         ]
C:\Users\Sean\Desktop\C00217019AILabs\AI Labs\SFML Game Empty Start Point\SFML Game Empty Start Point\SFML Game Empty Start Point\Entity.cpp(199,95): warning C4244: 'argument': conversion from 'double' to 'T', possible loss of data
C:\Users\Sean\Desktop\C00217019AILabs\AI Labs\SFML Game Empty Start Point\SFML Game Empty Start Point\SFML Game Empty Start Point\Entity.cpp(199,95): warning C4244:         with
C:\Users\Sean\Desktop\C00217019AILabs\AI Labs\SFML Game Empty Start Point\SFML Game Empty Start Point\SFML Game Empty Start Point\Entity.cpp(199,95): warning C4244:         [
C:\Users\Sean\Desktop\C00217019AILabs\AI Labs\SFML Game Empty Start Point\SFML Game Empty Start Point\SFML Game Empty Start Point\Entity.cpp(199,95): warning C4244:             T=float
C:\Users\Sean\Desktop\C00217019AILabs\AI Labs\SFML Game Empty Start Point\SFML Game Empty Start Point\SFML Game Empty Start Point\Entity.cpp(199,95): warning C4244:         ]
C:\Users\Sean\Desktop\C00217019AILabs\AI Labs\SFML Game Empty Start Point\SFML Game Empty Start Point\SFML Game Empty Start Point\Entity.cpp(199,45): warning C4244: 'argument': conversion from 'double' to 'T', possible loss of data
C:\Users\Sean\Desktop\C00217019AILabs\AI Labs\SFML Game Empty Start Point\SFML Game Empty Start Point\SFML Game Empty Start Point\Entity.cpp(199,45): warning C4244:         with
C:\Users\Sean\Desktop\C00217019AILabs\AI Labs\SFML Game Empty Start Point\SFML Game Empty Start Point\SFML Game Empty Start Point\Entity.cpp(199,45): warning C4244:         [
C:\Users\Sean\Desktop\C00217019AILabs\AI Labs\SFML Game Empty Start Point\SFML Game Empty Start Point\SFML Game Empty Start Point\Entity.cpp(199,45): warning C4244:             T=float
C:\Users\Sean\Desktop\C00217019AILabs\AI Labs\SFML Game Empty Start Point\SFML Game Empty Start Point\SFML Game Empty Start Point\Entity.cpp(199,45): warning C4244:         ]
C:\Users\Sean\Desktop\C00217019AILabs\AI Labs\SFML Game Empty Start Point\SFML Game Empty Start Point\SFML Game Empty Start Point\Entity.cpp(205,97): warning C4244: 'argument': conversion from 'double' to 'T', possible loss of data
C:\Users\Sean\Desktop\C00217019AILabs\AI Labs\SFML Game Empty Start Point\SFML Game Empty Start Point\SFML Game Empty Start Point\Entity.cpp(205,97): warning C4244:         with
C:\Users\Sean\Desktop\C00217019AILabs\AI Labs\SFML Game Empty Start Point\SFML Game Empty Start Point\SFML Game Empty Start Point\Entity.cpp(205,97): warning C4244:         [
C:\Users\Sean\Desktop\C00217019AILabs\AI Labs\SFML Game Empty Start Point\SFML Game Empty Start Point\SFML Game Empty Start Point\Entity.cpp(205,97): warning C4244:             T=float
C:\Users\Sean\Desktop\C00217019AILabs\AI Labs\SFML Game Empty Start Point\SFML Game Empty Start Point\SFML Game Empty Start Point\Entity.cpp(205,97): warning C4244:         ]
C:\Users\Sean\Desktop\C00217019AILabs\AI Labs\SFML Game Empty Start Point\SFML Game Empty Start Point\SFML Game Empty Start Point\Entity.cpp(205,45): warning C4244: 'argument': conversion from 'double' to 'T', possible loss of data
C:\Users\Sean\Desktop\C00217019AILabs\AI Labs\SFML Game Empty Start Point\SFML Game Empty Start Point\SFML Game Empty Start Point\Entity.cpp(205,45): warning C4244:         with
C:\Users\Sean\Desktop\C00217019AILabs\AI Labs\SFML Game Empty Start Point\SFML Game Empty Start Point\SFML Game Empty Start Point\Entity.cpp(205,45): warning C4244:         [
C:\Users\Sean\Desktop\C00217019AILabs\AI Labs\SFML Game Empty Start Point\SFML Game Empty Start Point\SFML Game Empty Start Point\Entity.cpp(205,45): warning C4244:             T=float
C:\Users\Sean\Desktop\C00217019AILabs\AI Labs\SFML Game Empty Start Point\SFML Game Empty Start Point\SFML Game Empty Start Point\Entity.cpp(205,45): warning C4244:         ]
C:\Program Files (x86)\Microsoft Visual Studio\2019\Community\VC\Tools\MSVC\14.23.28105\include\xtgmath.h(22,55): warning C4244: 'return': conversion from 'double' to 'float', possible loss of data
C:\Users\Sean\Desktop\C00217019AILabs\AI Labs\SFML Game Empty Start Point\SFML Game Empty Start Point\SFML Game Empty Start Point\Entity.cpp(343,21): warning C4244: 'initializing': conversion from 'int' to 'float', possible loss of data
C:\Users\Sean\Desktop\C00217019AILabs\AI Labs\SFML Game Empty Start Point\SFML Game Empty Start Point\SFML Game Empty Start Point\Entity.cpp(347,58): warning C4244: 'argument': conversion from 'double' to 'T', possible loss of data
C:\Users\Sean\Desktop\C00217019AILabs\AI Labs\SFML Game Empty Start Point\SFML Game Empty Start Point\SFML Game Empty Start Point\Entity.cpp(347,58): warning C4244:         with
C:\Users\Sean\Desktop\C00217019AILabs\AI Labs\SFML Game Empty Start Point\SFML Game Empty Start Point\SFML Game Empty Start Point\Entity.cpp(347,58): warning C4244:         [
C:\Users\Sean\Desktop\C00217019AILabs\AI Labs\SFML Game Empty Start Point\SFML Game Empty Start Point\SFML Game Empty Start Point\Entity.cpp(347,58): warning C4244:             T=float
C:\Users\Sean\Desktop\C00217019AILabs\AI Labs\SFML Game Empty Start Point\SFML Game Empty Start Point\SFML Game Empty Start Point\Entity.cpp(347,58): warning C4244:         ]
C:\Users\Sean\Desktop\C00217019AILabs\AI Labs\SFML Game Empty Start Point\SFML Game Empty Start Point\SFML Game Empty Start Point\Entity.cpp(347,31): warning C4244: 'argument': conversion from 'double' to 'T', possible loss of data
C:\Users\Sean\Desktop\C00217019AILabs\AI Labs\SFML Game Empty Start Point\SFML Game Empty Start Point\SFML Game Empty Start Point\Entity.cpp(347,31): warning C4244:         with
C:\Users\Sean\Desktop\C00217019AILabs\AI Labs\SFML Game Empty Start Point\SFML Game Empty Start Point\SFML Game Empty Start Point\Entity.cpp(347,31): warning C4244:         [
C:\Users\Sean\Desktop\C00217019AILabs\AI Labs\SFML Game Empty Start Point\SFML Game Empty Start Point\SFML Game Empty Start Point\Entity.cpp(347,31): warning C4244:             T=float
C:\Users\Sean\Desktop\C00217019AILabs\AI Labs\SFML Game Empty Start Point\SFML Game Empty Start Point\SFML Game Empty Start Point\Entity.cpp(347,31): warning C4244:         ]
C:\Users\Sean\Desktop\C00217019AILabs\AI Labs\SFML Game Empty Start Point\SFML Game Empty Start Point\SFML Game Empty Start Point\Entity.cpp(399,16): warning C4244: '=': conversion from 'double' to 'float', possible loss of data
  SFML Game Empty Start Point.vcxproj -> C:\Users\Sean\Desktop\C00217019AILabs\AI Labs\SFML Game Empty Start Point\SFML Game Empty Start Point\Debug\SFML AI LAB 1.exe
